[NotebookApp | WARNING] No nbgrader_config.py file found (rerun with --debug to see where nbgrader is looking)
[NotebookApp | INFO] Loading the validate_assignment nbgrader serverextension
[NotebookApp | INFO] Serving notebooks from local directory: /Users/vincenzocoia/git_docs/BAIT509
[NotebookApp | INFO] 0 active kernels
[NotebookApp | INFO] The Jupyter Notebook is running at:
[NotebookApp | INFO] http://localhost:8888/?token=593237963c00b46bc534ddc266b6e227182bae84b1958060
[NotebookApp | INFO] Use Control-C to stop this server and shut down all kernels (twice to skip confirmation).
[NotebookApp | CRITICAL] 
    
    Copy/paste this URL into your browser when you connect for the first time,
    to login with a token:
        http://localhost:8888/?token=593237963c00b46bc534ddc266b6e227182bae84b1958060
[NotebookApp | INFO] Accepting one-time-token-authenticated connection from ::1
[NotebookApp | WARNING] Notebook assessments/assignment1/assignment1.ipynb is not trusted
[NotebookApp | INFO] Kernel started: 6a1d1565-d19c-4877-80e7-d4c0f8ff58a1
[NotebookApp | INFO] Adapting to protocol v5.0 for kernel 6a1d1565-d19c-4877-80e7-d4c0f8ff58a1
[NotebookApp | INFO] Saving file at /assessments/assignment1/assignment1.ipynb
[NotebookApp | WARNING] Notebook assessments/assignment1/assignment1.ipynb is not trusted
[NotebookApp | WARNING] Notebook assessments/assignment1/assignment1.ipynb is not trusted
[NotebookApp | INFO] Starting buffering for 6a1d1565-d19c-4877-80e7-d4c0f8ff58a1:298AB0286D6B4A27859C03B53FDFD5CE
[NotebookApp | WARNING] No nbgrader_config.py file found (rerun with --debug to see where nbgrader is looking)
[NotebookApp | INFO] Loading the validate_assignment nbgrader serverextension
[NotebookApp | INFO] Serving notebooks from local directory: /Users/vincenzocoia/git_docs/BAIT509
[NotebookApp | INFO] 0 active kernels
[NotebookApp | INFO] The Jupyter Notebook is running at:
[NotebookApp | INFO] http://localhost:8889/?token=b1c5241109dfe67279fb08d6c2892af1a5f05fca9f31a896
[NotebookApp | INFO] Use Control-C to stop this server and shut down all kernels (twice to skip confirmation).
[NotebookApp | CRITICAL] 
    
    Copy/paste this URL into your browser when you connect for the first time,
    to login with a token:
        http://localhost:8889/?token=b1c5241109dfe67279fb08d6c2892af1a5f05fca9f31a896
[NotebookApp | INFO] Accepting one-time-token-authenticated connection from ::1
[NotebookApp | INFO] Kernel started: e51ce3d0-de33-4ac7-a2ac-f44ce0403bc9
[NotebookApp | INFO] Adapting to protocol v5.0 for kernel e51ce3d0-de33-4ac7-a2ac-f44ce0403bc9
[NotebookApp | INFO] Saving file at /class_meetings/cm03-model_fitting-python.ipynb
[NotebookApp | INFO] interrupted
[NotebookApp | CRITICAL] Shutdown confirmed
[NotebookApp | INFO] Shutting down 1 kernel
[NotebookApp | INFO] Kernel shutdown: e51ce3d0-de33-4ac7-a2ac-f44ce0403bc9
