Traceback (most recent call last):
  File "/usr/local/lib/python3.8/site-packages/jupyter_cache/executors/utils.py", line 51, in single_nb_execution
    executenb(
  File "/usr/local/lib/python3.8/site-packages/nbclient/client.py", line 1112, in execute
    return NotebookClient(nb=nb, resources=resources, km=km, **kwargs).execute()
  File "/usr/local/lib/python3.8/site-packages/nbclient/util.py", line 74, in wrapped
    return just_run(coro(*args, **kwargs))
  File "/usr/local/lib/python3.8/site-packages/nbclient/util.py", line 53, in just_run
    return loop.run_until_complete(coro)
  File "/usr/local/Cellar/python@3.8/3.8.5/Frameworks/Python.framework/Versions/3.8/lib/python3.8/asyncio/base_events.py", line 616, in run_until_complete
    return future.result()
  File "/usr/local/lib/python3.8/site-packages/nbclient/client.py", line 553, in async_execute
    await self.async_execute_cell(
  File "/usr/local/lib/python3.8/site-packages/nbclient/client.py", line 857, in async_execute_cell
    self._check_raise_for_error(cell, exec_reply)
  File "/usr/local/lib/python3.8/site-packages/nbclient/client.py", line 760, in _check_raise_for_error
    raise CellExecutionError.from_cell_and_msg(cell, exec_reply_content)
nbclient.exceptions.CellExecutionError: An error occurred while executing the following cell:
------------------
pipe.fit(X_train, y_train)
------------------

[0;31m---------------------------------------------------------------------------[0m
[0;31mValueError[0m                                Traceback (most recent call last)
[0;32m<ipython-input-5-62f05099a2d9>[0m in [0;36m<module>[0;34m[0m
[0;32m----> 1[0;31m [0mpipe[0m[0;34m.[0m[0mfit[0m[0;34m([0m[0mX_train[0m[0;34m,[0m [0my_train[0m[0;34m)[0m[0;34m[0m[0;34m[0m[0m
[0m
[0;32m/usr/local/lib/python3.8/site-packages/sklearn/pipeline.py[0m in [0;36mfit[0;34m(self, X, y, **fit_params)[0m
[1;32m    328[0m         """
[1;32m    329[0m         [0mfit_params_steps[0m [0;34m=[0m [0mself[0m[0;34m.[0m[0m_check_fit_params[0m[0;34m([0m[0;34m**[0m[0mfit_params[0m[0;34m)[0m[0;34m[0m[0;34m[0m[0m
[0;32m--> 330[0;31m         [0mXt[0m [0;34m=[0m [0mself[0m[0;34m.[0m[0m_fit[0m[0;34m([0m[0mX[0m[0;34m,[0m [0my[0m[0;34m,[0m [0;34m**[0m[0mfit_params_steps[0m[0;34m)[0m[0;34m[0m[0;34m[0m[0m
[0m[1;32m    331[0m         with _print_elapsed_time('Pipeline',
[1;32m    332[0m                                  self._log_message(len(self.steps) - 1)):

[0;32m/usr/local/lib/python3.8/site-packages/sklearn/pipeline.py[0m in [0;36m_fit[0;34m(self, X, y, **fit_params_steps)[0m
[1;32m    290[0m                 [0mcloned_transformer[0m [0;34m=[0m [0mclone[0m[0;34m([0m[0mtransformer[0m[0;34m)[0m[0;34m[0m[0;34m[0m[0m
[1;32m    291[0m             [0;31m# Fit or load from cache the current transformer[0m[0;34m[0m[0;34m[0m[0;34m[0m[0m
[0;32m--> 292[0;31m             X, fitted_transformer = fit_transform_one_cached(
[0m[1;32m    293[0m                 [0mcloned_transformer[0m[0;34m,[0m [0mX[0m[0;34m,[0m [0my[0m[0;34m,[0m [0;32mNone[0m[0;34m,[0m[0;34m[0m[0;34m[0m[0m
[1;32m    294[0m                 [0mmessage_clsname[0m[0;34m=[0m[0;34m'Pipeline'[0m[0;34m,[0m[0;34m[0m[0;34m[0m[0m

[0;32m/usr/local/lib/python3.8/site-packages/joblib/memory.py[0m in [0;36m__call__[0;34m(self, *args, **kwargs)[0m
[1;32m    350[0m [0;34m[0m[0m
[1;32m    351[0m     [0;32mdef[0m [0m__call__[0m[0;34m([0m[0mself[0m[0;34m,[0m [0;34m*[0m[0margs[0m[0;34m,[0m [0;34m**[0m[0mkwargs[0m[0;34m)[0m[0;34m:[0m[0;34m[0m[0;34m[0m[0m
[0;32m--> 352[0;31m         [0;32mreturn[0m [0mself[0m[0;34m.[0m[0mfunc[0m[0;34m([0m[0;34m*[0m[0margs[0m[0;34m,[0m [0;34m**[0m[0mkwargs[0m[0;34m)[0m[0;34m[0m[0;34m[0m[0m
[0m[1;32m    353[0m [0;34m[0m[0m
[1;32m    354[0m     [0;32mdef[0m [0mcall_and_shelve[0m[0;34m([0m[0mself[0m[0;34m,[0m [0;34m*[0m[0margs[0m[0;34m,[0m [0;34m**[0m[0mkwargs[0m[0;34m)[0m[0;34m:[0m[0;34m[0m[0;34m[0m[0m

[0;32m/usr/local/lib/python3.8/site-packages/sklearn/pipeline.py[0m in [0;36m_fit_transform_one[0;34m(transformer, X, y, weight, message_clsname, message, **fit_params)[0m
[1;32m    738[0m     [0;32mwith[0m [0m_print_elapsed_time[0m[0;34m([0m[0mmessage_clsname[0m[0;34m,[0m [0mmessage[0m[0;34m)[0m[0;34m:[0m[0;34m[0m[0;34m[0m[0m
[1;32m    739[0m         [0;32mif[0m [0mhasattr[0m[0;34m([0m[0mtransformer[0m[0;34m,[0m [0;34m'fit_transform'[0m[0;34m)[0m[0;34m:[0m[0;34m[0m[0;34m[0m[0m
[0;32m--> 740[0;31m             [0mres[0m [0;34m=[0m [0mtransformer[0m[0;34m.[0m[0mfit_transform[0m[0;34m([0m[0mX[0m[0;34m,[0m [0my[0m[0;34m,[0m [0;34m**[0m[0mfit_params[0m[0;34m)[0m[0;34m[0m[0;34m[0m[0m
[0m[1;32m    741[0m         [0;32melse[0m[0;34m:[0m[0;34m[0m[0;34m[0m[0m
[1;32m    742[0m             [0mres[0m [0;34m=[0m [0mtransformer[0m[0;34m.[0m[0mfit[0m[0;34m([0m[0mX[0m[0;34m,[0m [0my[0m[0;34m,[0m [0;34m**[0m[0mfit_params[0m[0;34m)[0m[0;34m.[0m[0mtransform[0m[0;34m([0m[0mX[0m[0;34m)[0m[0;34m[0m[0;34m[0m[0m

[0;32m/usr/local/lib/python3.8/site-packages/sklearn/base.py[0m in [0;36mfit_transform[0;34m(self, X, y, **fit_params)[0m
[1;32m    691[0m         [0;32melse[0m[0;34m:[0m[0;34m[0m[0;34m[0m[0m
[1;32m    692[0m             [0;31m# fit method of arity 2 (supervised transformation)[0m[0;34m[0m[0;34m[0m[0;34m[0m[0m
[0;32m--> 693[0;31m             [0;32mreturn[0m [0mself[0m[0;34m.[0m[0mfit[0m[0;34m([0m[0mX[0m[0;34m,[0m [0my[0m[0;34m,[0m [0;34m**[0m[0mfit_params[0m[0;34m)[0m[0;34m.[0m[0mtransform[0m[0;34m([0m[0mX[0m[0;34m)[0m[0;34m[0m[0;34m[0m[0m
[0m[1;32m    694[0m [0;34m[0m[0m
[1;32m    695[0m [0;34m[0m[0m

[0;32m/usr/local/lib/python3.8/site-packages/sklearn/impute/_base.py[0m in [0;36mfit[0;34m(self, X, y)[0m
[1;32m    275[0m         [0mself[0m [0;34m:[0m [0mSimpleImputer[0m[0;34m[0m[0;34m[0m[0m
[1;32m    276[0m         """
[0;32m--> 277[0;31m         [0mX[0m [0;34m=[0m [0mself[0m[0;34m.[0m[0m_validate_input[0m[0;34m([0m[0mX[0m[0;34m,[0m [0min_fit[0m[0;34m=[0m[0;32mTrue[0m[0;34m)[0m[0;34m[0m[0;34m[0m[0m
[0m[1;32m    278[0m         [0msuper[0m[0;34m([0m[0;34m)[0m[0;34m.[0m[0m_fit_indicator[0m[0;34m([0m[0mX[0m[0;34m)[0m[0;34m[0m[0;34m[0m[0m
[1;32m    279[0m [0;34m[0m[0m

[0;32m/usr/local/lib/python3.8/site-packages/sklearn/impute/_base.py[0m in [0;36m_validate_input[0;34m(self, X, in_fit)[0m
[1;32m    247[0m                 new_ve = ValueError("Cannot use {} strategy with non-numeric "
[1;32m    248[0m                                     "data:\n{}".format(self.strategy, ve))
[0;32m--> 249[0;31m                 [0;32mraise[0m [0mnew_ve[0m [0;32mfrom[0m [0;32mNone[0m[0;34m[0m[0;34m[0m[0m
[0m[1;32m    250[0m             [0;32melse[0m[0;34m:[0m[0;34m[0m[0;34m[0m[0m
[1;32m    251[0m                 [0;32mraise[0m [0mve[0m[0;34m[0m[0;34m[0m[0m

[0;31mValueError[0m: Cannot use median strategy with non-numeric data:
could not convert string to float: 'INLAND'
ValueError: Cannot use median strategy with non-numeric data:
could not convert string to float: 'INLAND'

